{"level":"debug","time":"2023-12-01T14:41:19.661+0700","caller":"cmd/bin.go:97","msg":"cli os: windows, cli arch: amd64"}
{"level":"debug","time":"2023-12-01T14:41:20.484+0700","caller":"cmd/bin.go:105","msg":"Upstream version: {Name: Min:0.2.131 Max:0.2.131} "}
{"level":"error","time":"2023-12-01T14:41:20.487+0700","caller":"globalconfigvalidator/setup.go:44","msg":"2023-12-01T14:41:19+07:00    error    \u001b[91mERR::NO::USER\u001b[0m     Unable to find LT username.    Unable to parse LT username. Use --user cli flag or LT_USERNAME environment variable"}
{"level":"error","time":"2023-12-01T14:41:20.487+0700","caller":"core/lifecycle.go:63","msg":"2023-12-01T14:41:19+07:00    error    \u001b[91mERR::NO::USER\u001b[0m     Unable to find LT username."}
{"level":"debug","time":"2023-12-01T14:41:20.487+0700","caller":"cmd/bin.go:297","msg":"Exiting application due to error \u001b[91mERR::NO::USER\u001b[0m     Unable to find LT username."}
{"level":"debug","time":"2023-12-01T14:42:03.181+0700","caller":"cmd/bin.go:97","msg":"cli os: windows, cli arch: amd64"}
{"level":"debug","time":"2023-12-01T14:42:04.004+0700","caller":"cmd/bin.go:105","msg":"Upstream version: {Name: Min:0.2.131 Max:0.2.131} "}
{"level":"debug","time":"2023-12-01T14:42:06.200+0700","caller":"core/lifecycle.go:101","msg":"Setting environment"}
{"level":"debug","time":"2023-12-01T14:42:06.200+0700","caller":"core/lifecycle.go:104","msg":"Parsing config"}
{"level":"debug","time":"2023-12-01T14:42:06.200+0700","caller":"yamlconfigmanager/setup.go:412","msg":"Custom location for .hyperexecute.yaml specified. Using: hyperexecute.yaml"}
{"level":"error","time":"2023-12-01T14:42:06.200+0700","caller":"core/lifecycle.go:109","msg":"2023-12-01T14:42:03+07:00    error    \u001b[91mERR::NO::HTY\u001b[0m     Unable to find hyperexecute config file.    No file found at location hyperexecute.yaml"}
{"level":"debug","time":"2023-12-01T14:42:06.200+0700","caller":"cmd/bin.go:297","msg":"Exiting application due to error \u001b[91mERR::NO::HTY\u001b[0m     Unable to find hyperexecute config file.    No file found at location hyperexecute.yaml"}
{"level":"debug","time":"2023-12-01T15:03:06.183+0700","caller":"cmd/bin.go:97","msg":"cli os: windows, cli arch: amd64"}
{"level":"debug","time":"2023-12-01T15:03:07.033+0700","caller":"cmd/bin.go:105","msg":"Upstream version: {Name: Min:0.2.131 Max:0.2.131} "}
{"level":"debug","time":"2023-12-01T15:03:09.192+0700","caller":"core/lifecycle.go:101","msg":"Setting environment"}
{"level":"debug","time":"2023-12-01T15:03:09.192+0700","caller":"core/lifecycle.go:104","msg":"Parsing config"}
{"level":"debug","time":"2023-12-01T15:03:09.193+0700","caller":"yamlconfigmanager/setup.go:435","msg":"Trying config: D:\\Script Python Test\\Tenerev2/hyperexecute.yaml"}
{"level":"debug","time":"2023-12-01T15:03:09.193+0700","caller":"yamlconfigmanager/setup.go:439","msg":"Config not found D:\\Script Python Test\\Tenerev2/hyperexecute.yaml"}
{"level":"debug","time":"2023-12-01T15:03:09.193+0700","caller":"yamlconfigmanager/setup.go:435","msg":"Trying config: D:\\Script Python Test\\Tenerev2/hyperexecute.yml"}
{"level":"debug","time":"2023-12-01T15:03:09.193+0700","caller":"yamlconfigmanager/setup.go:439","msg":"Config not found D:\\Script Python Test\\Tenerev2/hyperexecute.yml"}
{"level":"debug","time":"2023-12-01T15:03:09.193+0700","caller":"yamlconfigmanager/setup.go:435","msg":"Trying config: D:\\Script Python Test\\Tenerev2/.hyperexecute.yaml"}
{"level":"debug","time":"2023-12-01T15:03:09.193+0700","caller":"yamlconfigmanager/setup.go:439","msg":"Config not found D:\\Script Python Test\\Tenerev2/.hyperexecute.yaml"}
{"level":"debug","time":"2023-12-01T15:03:09.193+0700","caller":"yamlconfigmanager/setup.go:435","msg":"Trying config: D:\\Script Python Test\\Tenerev2/.hyperexecute.yml"}
{"level":"debug","time":"2023-12-01T15:03:09.194+0700","caller":"yamlconfigmanager/setup.go:439","msg":"Config not found D:\\Script Python Test\\Tenerev2/.hyperexecute.yml"}
{"level":"debug","time":"2023-12-01T15:03:09.194+0700","caller":"yamlconfigmanager/setup.go:435","msg":"Trying config: D:\\Script Python Test\\Tenerev2/.hypertest.yaml"}
{"level":"debug","time":"2023-12-01T15:03:09.194+0700","caller":"yamlconfigmanager/setup.go:439","msg":"Config not found D:\\Script Python Test\\Tenerev2/.hypertest.yaml"}
{"level":"debug","time":"2023-12-01T15:03:09.194+0700","caller":"yamlconfigmanager/setup.go:435","msg":"Trying config: D:\\Script Python Test\\Tenerev2/.hypertest.yml"}
{"level":"debug","time":"2023-12-01T15:03:09.194+0700","caller":"yamlconfigmanager/setup.go:439","msg":"Config not found D:\\Script Python Test\\Tenerev2/.hypertest.yml"}
{"level":"error","time":"2023-12-01T15:03:09.194+0700","caller":"core/lifecycle.go:109","msg":"2023-12-01T15:03:06+07:00    error    CreateFile D:\\Script Python Test\\Tenerev2/.hypertest.yml: The system cannot find the file specified."}
{"level":"debug","time":"2023-12-01T15:03:09.194+0700","caller":"cmd/bin.go:297","msg":"Exiting application due to error CreateFile D:\\Script Python Test\\Tenerev2/.hypertest.yml: The system cannot find the file specified."}
{"level":"debug","time":"2023-12-01T15:03:49.911+0700","caller":"cmd/bin.go:97","msg":"cli os: windows, cli arch: amd64"}
{"level":"debug","time":"2023-12-01T15:03:50.814+0700","caller":"cmd/bin.go:105","msg":"Upstream version: {Name: Min:0.2.131 Max:0.2.131} "}
{"level":"error","time":"2023-12-01T15:03:50.816+0700","caller":"globalconfigvalidator/setup.go:44","msg":"2023-12-01T15:03:49+07:00    error    \u001b[91mERR::NO::USER\u001b[0m     Unable to find LT username.    Unable to parse LT username. Use --user cli flag or LT_USERNAME environment variable"}
{"level":"error","time":"2023-12-01T15:03:50.816+0700","caller":"core/lifecycle.go:63","msg":"2023-12-01T15:03:49+07:00    error    \u001b[91mERR::NO::USER\u001b[0m     Unable to find LT username."}
{"level":"debug","time":"2023-12-01T15:03:50.816+0700","caller":"cmd/bin.go:297","msg":"Exiting application due to error \u001b[91mERR::NO::USER\u001b[0m     Unable to find LT username."}
{"level":"debug","time":"2023-12-01T15:04:11.456+0700","caller":"cmd/bin.go:97","msg":"cli os: windows, cli arch: amd64"}
{"level":"debug","time":"2023-12-01T15:04:12.348+0700","caller":"cmd/bin.go:105","msg":"Upstream version: {Name: Min:0.2.131 Max:0.2.131} "}
{"level":"debug","time":"2023-12-01T15:04:14.642+0700","caller":"core/lifecycle.go:101","msg":"Setting environment"}
{"level":"debug","time":"2023-12-01T15:04:14.642+0700","caller":"core/lifecycle.go:104","msg":"Parsing config"}
{"level":"debug","time":"2023-12-01T15:04:14.642+0700","caller":"yamlconfigmanager/setup.go:435","msg":"Trying config: D:\\Script Python Test\\Tenerev2/hyperexecute.yaml"}
{"level":"debug","time":"2023-12-01T15:04:14.642+0700","caller":"yamlconfigmanager/setup.go:439","msg":"Config not found D:\\Script Python Test\\Tenerev2/hyperexecute.yaml"}
{"level":"debug","time":"2023-12-01T15:04:14.642+0700","caller":"yamlconfigmanager/setup.go:435","msg":"Trying config: D:\\Script Python Test\\Tenerev2/hyperexecute.yml"}
{"level":"debug","time":"2023-12-01T15:04:14.642+0700","caller":"yamlconfigmanager/setup.go:439","msg":"Config not found D:\\Script Python Test\\Tenerev2/hyperexecute.yml"}
{"level":"debug","time":"2023-12-01T15:04:14.642+0700","caller":"yamlconfigmanager/setup.go:435","msg":"Trying config: D:\\Script Python Test\\Tenerev2/.hyperexecute.yaml"}
{"level":"debug","time":"2023-12-01T15:04:14.642+0700","caller":"yamlconfigmanager/setup.go:439","msg":"Config not found D:\\Script Python Test\\Tenerev2/.hyperexecute.yaml"}
{"level":"debug","time":"2023-12-01T15:04:14.642+0700","caller":"yamlconfigmanager/setup.go:435","msg":"Trying config: D:\\Script Python Test\\Tenerev2/.hyperexecute.yml"}
{"level":"debug","time":"2023-12-01T15:04:14.643+0700","caller":"yamlconfigmanager/setup.go:439","msg":"Config not found D:\\Script Python Test\\Tenerev2/.hyperexecute.yml"}
{"level":"debug","time":"2023-12-01T15:04:14.643+0700","caller":"yamlconfigmanager/setup.go:435","msg":"Trying config: D:\\Script Python Test\\Tenerev2/.hypertest.yaml"}
{"level":"debug","time":"2023-12-01T15:04:14.643+0700","caller":"yamlconfigmanager/setup.go:439","msg":"Config not found D:\\Script Python Test\\Tenerev2/.hypertest.yaml"}
{"level":"debug","time":"2023-12-01T15:04:14.643+0700","caller":"yamlconfigmanager/setup.go:435","msg":"Trying config: D:\\Script Python Test\\Tenerev2/.hypertest.yml"}
{"level":"debug","time":"2023-12-01T15:04:14.643+0700","caller":"yamlconfigmanager/setup.go:439","msg":"Config not found D:\\Script Python Test\\Tenerev2/.hypertest.yml"}
{"level":"error","time":"2023-12-01T15:04:14.643+0700","caller":"core/lifecycle.go:109","msg":"2023-12-01T15:04:11+07:00    error    CreateFile D:\\Script Python Test\\Tenerev2/.hypertest.yml: The system cannot find the file specified."}
{"level":"debug","time":"2023-12-01T15:04:14.643+0700","caller":"cmd/bin.go:297","msg":"Exiting application due to error CreateFile D:\\Script Python Test\\Tenerev2/.hypertest.yml: The system cannot find the file specified."}
{"level":"debug","time":"2023-12-01T15:04:32.996+0700","caller":"cmd/bin.go:97","msg":"cli os: windows, cli arch: amd64"}
{"level":"debug","time":"2023-12-01T15:04:33.863+0700","caller":"cmd/bin.go:105","msg":"Upstream version: {Name: Min:0.2.131 Max:0.2.131} "}
{"level":"debug","time":"2023-12-01T15:04:36.267+0700","caller":"core/lifecycle.go:101","msg":"Setting environment"}
{"level":"debug","time":"2023-12-01T15:04:36.267+0700","caller":"core/lifecycle.go:104","msg":"Parsing config"}
{"level":"debug","time":"2023-12-01T15:04:36.267+0700","caller":"yamlconfigmanager/setup.go:435","msg":"Trying config: D:\\Script Python Test\\Tenerev2/hyperexecute.yaml"}
{"level":"debug","time":"2023-12-01T15:04:36.268+0700","caller":"yamlconfigmanager/setup.go:439","msg":"Config not found D:\\Script Python Test\\Tenerev2/hyperexecute.yaml"}
{"level":"debug","time":"2023-12-01T15:04:36.268+0700","caller":"yamlconfigmanager/setup.go:435","msg":"Trying config: D:\\Script Python Test\\Tenerev2/hyperexecute.yml"}
{"level":"debug","time":"2023-12-01T15:04:36.268+0700","caller":"yamlconfigmanager/setup.go:439","msg":"Config not found D:\\Script Python Test\\Tenerev2/hyperexecute.yml"}
{"level":"debug","time":"2023-12-01T15:04:36.268+0700","caller":"yamlconfigmanager/setup.go:435","msg":"Trying config: D:\\Script Python Test\\Tenerev2/.hyperexecute.yaml"}
{"level":"debug","time":"2023-12-01T15:04:36.268+0700","caller":"yamlconfigmanager/setup.go:439","msg":"Config not found D:\\Script Python Test\\Tenerev2/.hyperexecute.yaml"}
{"level":"debug","time":"2023-12-01T15:04:36.268+0700","caller":"yamlconfigmanager/setup.go:435","msg":"Trying config: D:\\Script Python Test\\Tenerev2/.hyperexecute.yml"}
{"level":"debug","time":"2023-12-01T15:04:36.268+0700","caller":"yamlconfigmanager/setup.go:439","msg":"Config not found D:\\Script Python Test\\Tenerev2/.hyperexecute.yml"}
{"level":"debug","time":"2023-12-01T15:04:36.268+0700","caller":"yamlconfigmanager/setup.go:435","msg":"Trying config: D:\\Script Python Test\\Tenerev2/.hypertest.yaml"}
{"level":"debug","time":"2023-12-01T15:04:36.268+0700","caller":"yamlconfigmanager/setup.go:439","msg":"Config not found D:\\Script Python Test\\Tenerev2/.hypertest.yaml"}
{"level":"debug","time":"2023-12-01T15:04:36.268+0700","caller":"yamlconfigmanager/setup.go:435","msg":"Trying config: D:\\Script Python Test\\Tenerev2/.hypertest.yml"}
{"level":"debug","time":"2023-12-01T15:04:36.268+0700","caller":"yamlconfigmanager/setup.go:439","msg":"Config not found D:\\Script Python Test\\Tenerev2/.hypertest.yml"}
{"level":"error","time":"2023-12-01T15:04:36.268+0700","caller":"core/lifecycle.go:109","msg":"2023-12-01T15:04:32+07:00    error    CreateFile D:\\Script Python Test\\Tenerev2/.hypertest.yml: The system cannot find the file specified."}
{"level":"debug","time":"2023-12-01T15:04:36.269+0700","caller":"cmd/bin.go:297","msg":"Exiting application due to error CreateFile D:\\Script Python Test\\Tenerev2/.hypertest.yml: The system cannot find the file specified."}
{"level":"debug","time":"2023-12-01T15:05:19.468+0700","caller":"cmd/bin.go:97","msg":"cli os: windows, cli arch: amd64"}
{"level":"debug","time":"2023-12-01T15:05:20.477+0700","caller":"cmd/bin.go:105","msg":"Upstream version: {Name: Min:0.2.131 Max:0.2.131} "}
{"level":"debug","time":"2023-12-01T15:05:22.600+0700","caller":"core/lifecycle.go:101","msg":"Setting environment"}
{"level":"debug","time":"2023-12-01T15:05:22.601+0700","caller":"core/lifecycle.go:104","msg":"Parsing config"}
{"level":"debug","time":"2023-12-01T15:05:22.601+0700","caller":"yamlconfigmanager/setup.go:435","msg":"Trying config: D:\\Script Python Test\\Tenerev2/hyperexecute.yaml"}
{"level":"debug","time":"2023-12-01T15:05:22.601+0700","caller":"yamlconfigmanager/setup.go:439","msg":"Config not found D:\\Script Python Test\\Tenerev2/hyperexecute.yaml"}
{"level":"debug","time":"2023-12-01T15:05:22.601+0700","caller":"yamlconfigmanager/setup.go:435","msg":"Trying config: D:\\Script Python Test\\Tenerev2/hyperexecute.yml"}
{"level":"debug","time":"2023-12-01T15:05:22.601+0700","caller":"yamlconfigmanager/setup.go:439","msg":"Config not found D:\\Script Python Test\\Tenerev2/hyperexecute.yml"}
{"level":"debug","time":"2023-12-01T15:05:22.601+0700","caller":"yamlconfigmanager/setup.go:435","msg":"Trying config: D:\\Script Python Test\\Tenerev2/.hyperexecute.yaml"}
{"level":"debug","time":"2023-12-01T15:05:22.601+0700","caller":"yamlconfigmanager/setup.go:439","msg":"Config not found D:\\Script Python Test\\Tenerev2/.hyperexecute.yaml"}
{"level":"debug","time":"2023-12-01T15:05:22.601+0700","caller":"yamlconfigmanager/setup.go:435","msg":"Trying config: D:\\Script Python Test\\Tenerev2/.hyperexecute.yml"}
{"level":"debug","time":"2023-12-01T15:05:22.601+0700","caller":"yamlconfigmanager/setup.go:439","msg":"Config not found D:\\Script Python Test\\Tenerev2/.hyperexecute.yml"}
{"level":"debug","time":"2023-12-01T15:05:22.601+0700","caller":"yamlconfigmanager/setup.go:435","msg":"Trying config: D:\\Script Python Test\\Tenerev2/.hypertest.yaml"}
{"level":"debug","time":"2023-12-01T15:05:22.601+0700","caller":"yamlconfigmanager/setup.go:439","msg":"Config not found D:\\Script Python Test\\Tenerev2/.hypertest.yaml"}
{"level":"debug","time":"2023-12-01T15:05:22.601+0700","caller":"yamlconfigmanager/setup.go:435","msg":"Trying config: D:\\Script Python Test\\Tenerev2/.hypertest.yml"}
{"level":"debug","time":"2023-12-01T15:05:22.601+0700","caller":"yamlconfigmanager/setup.go:439","msg":"Config not found D:\\Script Python Test\\Tenerev2/.hypertest.yml"}
{"level":"error","time":"2023-12-01T15:05:22.601+0700","caller":"core/lifecycle.go:109","msg":"2023-12-01T15:05:19+07:00    error    CreateFile D:\\Script Python Test\\Tenerev2/.hypertest.yml: The system cannot find the file specified."}
{"level":"debug","time":"2023-12-01T15:05:22.602+0700","caller":"cmd/bin.go:297","msg":"Exiting application due to error CreateFile D:\\Script Python Test\\Tenerev2/.hypertest.yml: The system cannot find the file specified."}
{"level":"debug","time":"2023-12-01T15:06:19.353+0700","caller":"cmd/bin.go:97","msg":"cli os: windows, cli arch: amd64"}
{"level":"debug","time":"2023-12-01T15:06:20.203+0700","caller":"cmd/bin.go:105","msg":"Upstream version: {Name: Min:0.2.131 Max:0.2.131} "}
{"level":"debug","time":"2023-12-01T15:06:22.514+0700","caller":"core/lifecycle.go:101","msg":"Setting environment"}
{"level":"debug","time":"2023-12-01T15:06:22.515+0700","caller":"core/lifecycle.go:104","msg":"Parsing config"}
{"level":"debug","time":"2023-12-01T15:06:22.515+0700","caller":"yamlconfigmanager/setup.go:435","msg":"Trying config: D:\\Script Python Test\\Tenerev2/hyperexecute.yaml"}
{"level":"debug","time":"2023-12-01T15:06:22.515+0700","caller":"yamlconfigmanager/setup.go:76","msg":"using hyperexecute config from : D:\\Script Python Test\\Tenerev2/hyperexecute.yaml"}
{"level":"debug","time":"2023-12-01T15:06:23.330+0700","caller":"yamlconfigmanager/setup.go:1802","msg":"Autodetecting test type in files of path : D:\\Script Python Test\\Tenerev2"}
{"level":"debug","time":"2023-12-01T15:06:23.330+0700","caller":"yamlconfigmanager/setup.go:363","msg":"Tunnel: false"}
{"level":"info","time":"2023-12-01T15:06:23.330+0700","caller":"models/HypertestYamlConfig.go:310","msg":"\n\u001b[4m\u001b[1m\u001b[97mExecution Plan\u001b[0m\u001b[0m\u001b[0m"}
{"level":"info","time":"2023-12-01T15:06:23.331+0700","caller":"models/HypertestYamlConfig.go:314","msg":"Mode:    \u001b[36mautosplit\u001b[0m"}
{"level":"info","time":"2023-12-01T15:06:23.331+0700","caller":"models/HypertestYamlConfig.go:362","msg":"Runson:    \u001b[36mwin\u001b[0m"}
{"level":"info","time":"2023-12-01T15:06:23.331+0700","caller":"models/HypertestYamlConfig.go:366","msg":"Concurrency:    \u001b[36m2\u001b[0m"}
{"level":"info","time":"2023-12-01T15:06:23.332+0700","caller":"models/HypertestYamlConfig.go:417","msg":"Report:    \u001b[36mdisabled\u001b[0m"}
{"level":"info","time":"2023-12-01T15:06:23.332+0700","caller":"models/HypertestYamlConfig.go:434","msg":"Cache Directories:"}
{"level":"info","time":"2023-12-01T15:06:23.332+0700","caller":"models/HypertestYamlConfig.go:436","msg":"    \u001b[36mCacheDir\u001b[0m"}
{"level":"info","time":"2023-12-01T15:06:23.332+0700","caller":"models/HypertestYamlConfig.go:457","msg":""}
{"level":"debug","time":"2023-12-01T15:06:23.332+0700","caller":"filevalidator/setup.go:46","msg":"Warning: Checking data.json file in current directory, no dataJsonPath found in .hyperexecute.yaml"}
{"level":"debug","time":"2023-12-01T15:06:23.332+0700","caller":"filevalidator/setup.go:50","msg":"Warning: data.json file doesn't exist"}
{"level":"info","time":"2023-12-01T15:06:24.376+0700","caller":"core/lifecycle.go:350","msg":"\u001b[102m\u001b[1m\u001b[30mYou've consumed 2.14 % of your limit. Free trial mins left - 293.58\u001b[0m\u001b[0m\u001b[0m"}
{"level":"debug","time":"2023-12-01T15:06:24.377+0700","caller":"core/lifecycle.go:380","msg":"Job ID: b09d67c3-4a6d-49c3-a5af-4cf7001b282a"}
{"level":"debug","time":"2023-12-01T15:06:24.380+0700","caller":"archivemanager/setup.go:162","msg":"Creating archive of target directory: D:\\Script Python Test\\Tenerev2"}
{"level":"debug","time":"2023-12-01T15:06:28.518+0700","caller":"core/lifecycle.go:510","msg":"Zip file size: 8.75 MB"}
{"level":"debug","time":"2023-12-01T15:06:28.519+0700","caller":"core/lifecycle.go:520","msg":"Archive location: D:\\Script Python Test\\Tenerev2\\hyperexecute-code-b09d67c3-4a6d-49c3-a5af-4cf7001b282a.zip\n"}
{"level":"debug","time":"2023-12-01T15:06:28.528+0700","caller":"storage/azure.go:55","msg":"Payload size: 8.75 MB, source path D:\\Script Python Test\\Tenerev2\\hyperexecute-code-b09d67c3-4a6d-49c3-a5af-4cf7001b282a.zip"}
{"level":"debug","time":"2023-12-01T15:06:28.529+0700","caller":"utils/azcopy.go:143","msg":"Downloading dependency binary ..................."}
{"level":"debug","time":"2023-12-01T15:06:28.774+0700","caller":"utils/azcopy.go:100","msg":"Downloading dependency to upload files"}
{"level":"info","time":"2023-12-01T15:06:35.723+0700","caller":"utils/azcopy.go:118","msg":"✔ Dependency binary downloaded successfully"}
{"level":"debug","time":"2023-12-01T15:06:35.723+0700","caller":"utils/azcopy.go:190","msg":"returning from fallback"}
{"level":"debug","time":"2023-12-01T15:06:36.965+0700","caller":"storage/azure.go:78","msg":"Dependency failed, falling back to block upload"}
{"level":"debug","time":"2023-12-01T15:06:42.402+0700","caller":"receptionmanager/setup.go:143","msg":"Uploading yaml : D:\\Script Python Test\\Tenerev2\\.updatedhyperexecute.yaml"}
{"level":"debug","time":"2023-12-01T15:06:42.417+0700","caller":"storage/azure.go:55","msg":"Payload size: 1.45 kB, source path D:\\Script Python Test\\Tenerev2\\.updatedhyperexecute.yaml"}
{"level":"debug","time":"2023-12-01T15:06:44.762+0700","caller":"storage/azure.go:78","msg":"Dependency failed, falling back to block upload"}
{"level":"debug","time":"2023-12-01T15:06:45.045+0700","caller":"core/lifecycle.go:548","msg":"Successfully deleted code archive: D:\\Script Python Test\\Tenerev2\\hyperexecute-code-b09d67c3-4a6d-49c3-a5af-4cf7001b282a.zip\n"}
{"level":"info","time":"2023-12-01T15:06:51.892+0700","caller":"jobmanager/setup.go:129","msg":"Job b09d67c3-4a6d-49c3-a5af-4cf7001b282a has started RUNNING"}
{"level":"info","time":"2023-12-01T15:06:51.892+0700","caller":"jobmanager/setup.go:372","msg":"Job Link: https://hyperexecute.lambdatest.com/hyperexecute/task?jobId=b09d67c3-4a6d-49c3-a5af-4cf7001b282a\n"}
{"level":"debug","time":"2023-12-01T15:06:51.892+0700","caller":"jobmanager/setup.go:138","msg":"New Tasks generated"}
{"level":"debug","time":"2023-12-01T15:06:51.892+0700","caller":"jobmanager/setup.go:149","msg":"Task id: 2d05c5e6-41d0-4f51-ad1d-377597844f81"}
{"level":"debug","time":"2023-12-01T15:06:51.892+0700","caller":"jobmanager/setup.go:152","msg":"Sending new task alert to stage manager for taskId: 2d05c5e6-41d0-4f51-ad1d-377597844f81"}
{"level":"debug","time":"2023-12-01T15:06:51.892+0700","caller":"jobmanager/setup.go:149","msg":"Task id: 58be168b-7cb7-4834-a104-689b808b368c"}
{"level":"debug","time":"2023-12-01T15:06:51.892+0700","caller":"jobmanager/setup.go:152","msg":"Sending new task alert to stage manager for taskId: 58be168b-7cb7-4834-a104-689b808b368c"}
{"level":"info","time":"2023-12-01T15:06:52.222+0700","caller":"terminal/terminal.go:185","msg":"✔ [1]  cache-download (1s)\n"}
{"level":"info","time":"2023-12-01T15:06:52.846+0700","caller":"terminal/terminal.go:185","msg":"✔ [2]  cache-download (1s)\n"}
{"level":"info","time":"2023-12-01T15:07:00.079+0700","caller":"terminal/terminal.go:185","msg":"x [2]  pre (5s)\n"}
{"level":"info","time":"2023-12-01T15:07:07.045+0700","caller":"terminal/terminal.go:185","msg":"x [1]  pre (12s)\n"}
{"level":"debug","time":"2023-12-01T15:07:11.877+0700","caller":"jobmanager/setup.go:204","msg":"\n\nJob status"}
{"level":"info","time":"2023-12-01T15:07:11.877+0700","caller":"core/lifecycle.go:619","msg":"taskId:2d05c5e6-41d0-4f51-ad1d-377597844f81 has failed with remark: step 1 - exit status 1\n"}
{"level":"info","time":"2023-12-01T15:07:11.877+0700","caller":"jobmanager/JobSummaryManager.go:37","msg":"\n FAILED \n"}
{"level":"info","time":"2023-12-01T15:07:11.878+0700","caller":"core/lifecycle.go:619","msg":"taskId:58be168b-7cb7-4834-a104-689b808b368c has failed with remark: step 1 - exit status 1\n"}
{"level":"debug","time":"2023-12-01T15:07:11.879+0700","caller":"core/lifecycle.go:712","msg":"Context canceled"}
{"level":"info","time":"2023-12-01T15:07:11.878+0700","caller":"jobmanager/JobSummaryManager.go:96","msg":"    Test Execution Time:                  0s"}
{"level":"info","time":"2023-12-01T15:07:11.879+0700","caller":"jobmanager/JobSummaryManager.go:96","msg":"    Job Duration Time:                    21s"}
{"level":"info","time":"2023-12-01T15:07:11.880+0700","caller":"jobmanager/JobSummaryManager.go:96","msg":"    Total Tasks:                          2"}
{"level":"info","time":"2023-12-01T15:07:11.879+0700","caller":"core/lifecycle.go:715","msg":"Stopping pipeline gracefully"}
{"level":"debug","time":"2023-12-01T15:07:11.881+0700","caller":"core/lifecycle.go:718","msg":"Quit requested from main goroutine...."}
{"level":"debug","time":"2023-12-01T15:07:11.881+0700","caller":"core/lifecycle.go:719","msg":"Waiting for the goroutines to exit"}
{"level":"info","time":"2023-12-01T15:07:11.880+0700","caller":"jobmanager/JobSummaryManager.go:96","msg":"    Cumulative Time Consumed:             36s"}
{"level":"debug","time":"2023-12-01T15:07:11.881+0700","caller":"core/lifecycle.go:721","msg":"All goroutines exited"}
{"level":"info","time":"2023-12-01T15:07:11.881+0700","caller":"jobmanager/JobSummaryManager.go:96","msg":"    Total Stages:                         2"}
{"level":"error","time":"2023-12-01T15:07:11.881+0700","caller":"core/lifecycle.go:723","msg":"2023-12-01T15:06:19+07:00    error    Exiting with error: Failed tasks found."}
{"level":"info","time":"2023-12-01T15:07:11.881+0700","caller":"jobmanager/setup.go:372","msg":"Job Link: https://hyperexecute.lambdatest.com/hyperexecute/task?jobId=b09d67c3-4a6d-49c3-a5af-4cf7001b282a\n"}
{"level":"info","time":"2023-12-01T15:07:11.881+0700","caller":"jobmanager/JobSummaryManager.go:96","msg":"    Pass discovery stage percentage:      0.00%"}
{"level":"debug","time":"2023-12-01T15:07:11.882+0700","caller":"cmd/bin.go:297","msg":"Exiting application due to error Failed tasks found."}
{"level":"debug","time":"2023-12-01T15:07:11.882+0700","caller":"cmd/bin.go:257","msg":"main: all goroutines have finished."}
{"level":"info","time":"2023-12-01T15:07:11.882+0700","caller":"jobmanager/JobSummaryManager.go:96","msg":"    Failed discovery stage percentage:    0.00%"}
{"level":"debug","time":"2023-12-01T15:08:38.306+0700","caller":"cmd/bin.go:97","msg":"cli os: windows, cli arch: amd64"}
{"level":"debug","time":"2023-12-01T15:08:39.151+0700","caller":"cmd/bin.go:105","msg":"Upstream version: {Name: Min:0.2.131 Max:0.2.131} "}
{"level":"debug","time":"2023-12-01T15:08:41.281+0700","caller":"core/lifecycle.go:101","msg":"Setting environment"}
{"level":"debug","time":"2023-12-01T15:08:41.281+0700","caller":"core/lifecycle.go:104","msg":"Parsing config"}
{"level":"debug","time":"2023-12-01T15:08:41.281+0700","caller":"yamlconfigmanager/setup.go:435","msg":"Trying config: D:\\Script Python Test\\Tenerev2/hyperexecute.yaml"}
{"level":"debug","time":"2023-12-01T15:08:41.281+0700","caller":"yamlconfigmanager/setup.go:76","msg":"using hyperexecute config from : D:\\Script Python Test\\Tenerev2/hyperexecute.yaml"}
{"level":"debug","time":"2023-12-01T15:08:42.151+0700","caller":"yamlconfigmanager/setup.go:1802","msg":"Autodetecting test type in files of path : D:\\Script Python Test\\Tenerev2"}
{"level":"debug","time":"2023-12-01T15:08:42.152+0700","caller":"yamlconfigmanager/setup.go:363","msg":"Tunnel: false"}
{"level":"info","time":"2023-12-01T15:08:42.152+0700","caller":"models/HypertestYamlConfig.go:310","msg":"\n\u001b[4m\u001b[1m\u001b[97mExecution Plan\u001b[0m\u001b[0m\u001b[0m"}
{"level":"info","time":"2023-12-01T15:08:42.152+0700","caller":"models/HypertestYamlConfig.go:314","msg":"Mode:    \u001b[36mautosplit\u001b[0m"}
{"level":"info","time":"2023-12-01T15:08:42.152+0700","caller":"models/HypertestYamlConfig.go:362","msg":"Runson:    \u001b[36mwin\u001b[0m"}
{"level":"info","time":"2023-12-01T15:08:42.153+0700","caller":"models/HypertestYamlConfig.go:366","msg":"Concurrency:    \u001b[36m2\u001b[0m"}
{"level":"info","time":"2023-12-01T15:08:42.153+0700","caller":"models/HypertestYamlConfig.go:417","msg":"Report:    \u001b[36mdisabled\u001b[0m"}
{"level":"info","time":"2023-12-01T15:08:42.154+0700","caller":"models/HypertestYamlConfig.go:434","msg":"Cache Directories:"}
{"level":"info","time":"2023-12-01T15:08:42.154+0700","caller":"models/HypertestYamlConfig.go:436","msg":"    \u001b[36mCacheDir\u001b[0m"}
{"level":"info","time":"2023-12-01T15:08:42.154+0700","caller":"models/HypertestYamlConfig.go:457","msg":""}
{"level":"debug","time":"2023-12-01T15:08:42.154+0700","caller":"filevalidator/setup.go:46","msg":"Warning: Checking data.json file in current directory, no dataJsonPath found in .hyperexecute.yaml"}
{"level":"debug","time":"2023-12-01T15:08:42.154+0700","caller":"filevalidator/setup.go:50","msg":"Warning: data.json file doesn't exist"}
{"level":"info","time":"2023-12-01T15:08:43.362+0700","caller":"core/lifecycle.go:350","msg":"\u001b[102m\u001b[1m\u001b[30mYou've consumed 2.34 % of your limit. Free trial mins left - 292.97\u001b[0m\u001b[0m\u001b[0m"}
{"level":"debug","time":"2023-12-01T15:08:43.363+0700","caller":"core/lifecycle.go:380","msg":"Job ID: fc9098a1-387e-4b21-87b4-fc780c3f0e7a"}
{"level":"debug","time":"2023-12-01T15:08:43.364+0700","caller":"archivemanager/setup.go:162","msg":"Creating archive of target directory: D:\\Script Python Test\\Tenerev2"}
{"level":"debug","time":"2023-12-01T15:08:50.123+0700","caller":"core/lifecycle.go:510","msg":"Zip file size: 8.75 MB"}
{"level":"debug","time":"2023-12-01T15:08:50.124+0700","caller":"core/lifecycle.go:520","msg":"Archive location: D:\\Script Python Test\\Tenerev2\\hyperexecute-code-fc9098a1-387e-4b21-87b4-fc780c3f0e7a.zip\n"}
{"level":"debug","time":"2023-12-01T15:08:50.132+0700","caller":"storage/azure.go:55","msg":"Payload size: 8.75 MB, source path D:\\Script Python Test\\Tenerev2\\hyperexecute-code-fc9098a1-387e-4b21-87b4-fc780c3f0e7a.zip"}
{"level":"debug","time":"2023-12-01T15:08:51.857+0700","caller":"storage/azure.go:78","msg":"Dependency failed, falling back to block upload"}
{"level":"debug","time":"2023-12-01T15:09:12.836+0700","caller":"receptionmanager/setup.go:143","msg":"Uploading yaml : D:\\Script Python Test\\Tenerev2\\.updatedhyperexecute.yaml"}
{"level":"debug","time":"2023-12-01T15:09:12.844+0700","caller":"storage/azure.go:55","msg":"Payload size: 1.45 kB, source path D:\\Script Python Test\\Tenerev2\\.updatedhyperexecute.yaml"}
{"level":"debug","time":"2023-12-01T15:09:14.473+0700","caller":"storage/azure.go:78","msg":"Dependency failed, falling back to block upload"}
{"level":"debug","time":"2023-12-01T15:09:14.743+0700","caller":"core/lifecycle.go:548","msg":"Successfully deleted code archive: D:\\Script Python Test\\Tenerev2\\hyperexecute-code-fc9098a1-387e-4b21-87b4-fc780c3f0e7a.zip\n"}
{"level":"info","time":"2023-12-01T15:09:20.917+0700","caller":"jobmanager/setup.go:129","msg":"Job fc9098a1-387e-4b21-87b4-fc780c3f0e7a has started RUNNING"}
{"level":"info","time":"2023-12-01T15:09:20.917+0700","caller":"jobmanager/setup.go:372","msg":"Job Link: https://hyperexecute.lambdatest.com/hyperexecute/task?jobId=fc9098a1-387e-4b21-87b4-fc780c3f0e7a\n"}
{"level":"debug","time":"2023-12-01T15:09:20.917+0700","caller":"jobmanager/setup.go:138","msg":"New Tasks generated"}
{"level":"debug","time":"2023-12-01T15:09:20.917+0700","caller":"jobmanager/setup.go:149","msg":"Task id: aca88bd2-3577-44c0-9bc6-431734bd42a7"}
{"level":"debug","time":"2023-12-01T15:09:20.917+0700","caller":"jobmanager/setup.go:152","msg":"Sending new task alert to stage manager for taskId: aca88bd2-3577-44c0-9bc6-431734bd42a7"}
{"level":"debug","time":"2023-12-01T15:09:20.917+0700","caller":"jobmanager/setup.go:149","msg":"Task id: 17fef2d1-fcef-48ef-bf92-1a328dfdf56b"}
{"level":"debug","time":"2023-12-01T15:09:20.917+0700","caller":"jobmanager/setup.go:152","msg":"Sending new task alert to stage manager for taskId: 17fef2d1-fcef-48ef-bf92-1a328dfdf56b"}
{"level":"info","time":"2023-12-01T15:09:21.213+0700","caller":"terminal/terminal.go:185","msg":"✔ [1]  cache-download (1s)\n"}
{"level":"info","time":"2023-12-01T15:09:21.804+0700","caller":"terminal/terminal.go:185","msg":"✔ [2]  cache-download (1s)\n"}
{"level":"info","time":"2023-12-01T15:09:33.517+0700","caller":"terminal/terminal.go:185","msg":"✔ [1]  pre (9s)\n"}
{"level":"info","time":"2023-12-01T15:09:33.841+0700","caller":"terminal/terminal.go:185","msg":"✔ [2]  pre (9s)\n"}
{"level":"info","time":"2023-12-01T15:09:37.977+0700","caller":"terminal/terminal.go:185","msg":"✔ [2]  discovery (1s)\n"}
{"level":"info","time":"2023-12-01T15:09:38.264+0700","caller":"terminal/terminal.go:185","msg":"✔ [1]  discovery (2s)\n"}
{"level":"debug","time":"2023-12-01T15:09:40.884+0700","caller":"jobmanager/setup.go:204","msg":"\n\nJob status"}
{"level":"debug","time":"2023-12-01T15:09:40.884+0700","caller":"core/lifecycle.go:712","msg":"Context canceled"}
{"level":"info","time":"2023-12-01T15:09:40.884+0700","caller":"core/lifecycle.go:715","msg":"Stopping pipeline gracefully"}
{"level":"debug","time":"2023-12-01T15:09:40.885+0700","caller":"core/lifecycle.go:718","msg":"Quit requested from main goroutine...."}
{"level":"debug","time":"2023-12-01T15:09:40.885+0700","caller":"core/lifecycle.go:719","msg":"Waiting for the goroutines to exit"}
{"level":"debug","time":"2023-12-01T15:09:40.885+0700","caller":"core/lifecycle.go:721","msg":"All goroutines exited"}
{"level":"info","time":"2023-12-01T15:09:40.885+0700","caller":"jobmanager/JobSummaryManager.go:37","msg":"\n COMPLETED \n"}
{"level":"info","time":"2023-12-01T15:09:40.885+0700","caller":"jobmanager/setup.go:372","msg":"Job Link: https://hyperexecute.lambdatest.com/hyperexecute/task?jobId=fc9098a1-387e-4b21-87b4-fc780c3f0e7a\n"}
{"level":"debug","time":"2023-12-01T15:09:40.885+0700","caller":"cmd/bin.go:257","msg":"main: all goroutines have finished."}
